[0;32m[INFO][0m Starting Kubernetes PKI certificate generation...
[0;32m[INFO][0m Master IP: 10.0.0.10
[0;32m[INFO][0m Service CIDR: 10.96.0.0/12
[0;32m[INFO][0m Generating Cluster CA certificate...
[0;32m[INFO][0m Encrypting secrets/k8s-ca.crt.age to agenix...
Files /tmp/nix-shell.K64Ctf/tmp.UqhX8XvHtF/k8s-ca.crt.age.before and /tmp/nix-shell.K64Ctf/tmp.UqhX8XvHtF/k8s-ca.crt.age differ
[0;32m[INFO][0m Encrypting secrets/k8s-ca.key.age to agenix...
Files /tmp/nix-shell.K64Ctf/tmp.S2uE4b1mUc/k8s-ca.key.age.before and /tmp/nix-shell.K64Ctf/tmp.S2uE4b1mUc/k8s-ca.key.age differ
[0;32m[INFO][0m CA certificate encrypted to agenix
[0;32m[INFO][0m Generating etcd certificates...
[0;32m[INFO][0m Encrypting secrets/etcd-ca.crt.age to agenix...
Files /tmp/nix-shell.K64Ctf/tmp.Lbn0s5WjDg/etcd-ca.crt.age.before and /tmp/nix-shell.K64Ctf/tmp.Lbn0s5WjDg/etcd-ca.crt.age differ
[0;32m[INFO][0m Encrypting secrets/etcd-ca.key.age to agenix...
Files /tmp/nix-shell.K64Ctf/tmp.7SsXo5xemq/etcd-ca.key.age.before and /tmp/nix-shell.K64Ctf/tmp.7SsXo5xemq/etcd-ca.key.age differ
Certificate request self-signature ok
subject=CN=etcd-server, O=Kubernetes
[0;32m[INFO][0m Encrypting secrets/etcd-server.crt.age to agenix...
Files /tmp/nix-shell.K64Ctf/tmp.3rIjYNjn20/etcd-server.crt.age.before and /tmp/nix-shell.K64Ctf/tmp.3rIjYNjn20/etcd-server.crt.age differ
[0;32m[INFO][0m Encrypting secrets/etcd-server.key.age to agenix...
Files /tmp/nix-shell.K64Ctf/tmp.rRlB5oaQSR/etcd-server.key.age.before and /tmp/nix-shell.K64Ctf/tmp.rRlB5oaQSR/etcd-server.key.age differ
Certificate request self-signature ok
subject=CN=etcd-peer, O=Kubernetes
[0;32m[INFO][0m Encrypting secrets/etcd-peer.crt.age to agenix...
Files /tmp/nix-shell.K64Ctf/tmp.ivG9gBtPJy/etcd-peer.crt.age.before and /tmp/nix-shell.K64Ctf/tmp.ivG9gBtPJy/etcd-peer.crt.age differ
[0;32m[INFO][0m Encrypting secrets/etcd-peer.key.age to agenix...
Files /tmp/nix-shell.K64Ctf/tmp.5i0rrR1PDp/etcd-peer.key.age.before and /tmp/nix-shell.K64Ctf/tmp.5i0rrR1PDp/etcd-peer.key.age differ
Certificate request self-signature ok
subject=CN=etcd-apiserver-client, O=Kubernetes
[0;32m[INFO][0m Encrypting secrets/etcd-apiserver-client.crt.age to agenix...
Files /tmp/nix-shell.K64Ctf/tmp.SVOkjvmtpQ/etcd-apiserver-client.crt.age.before and /tmp/nix-shell.K64Ctf/tmp.SVOkjvmtpQ/etcd-apiserver-client.crt.age differ
[0;32m[INFO][0m Encrypting secrets/etcd-apiserver-client.key.age to agenix...
Files /tmp/nix-shell.K64Ctf/tmp.RjgKFyRULR/etcd-apiserver-client.key.age.before and /tmp/nix-shell.K64Ctf/tmp.RjgKFyRULR/etcd-apiserver-client.key.age differ
Certificate request self-signature ok
subject=CN=etcd-flannel-client, O=Kubernetes
[0;32m[INFO][0m Encrypting secrets/etcd-flannel-client.crt.age to agenix...
Files /tmp/nix-shell.K64Ctf/tmp.cvs9KDSPnF/etcd-flannel-client.crt.age.before and /tmp/nix-shell.K64Ctf/tmp.cvs9KDSPnF/etcd-flannel-client.crt.age differ
[0;32m[INFO][0m Encrypting secrets/etcd-flannel-client.key.age to agenix...
Files /tmp/nix-shell.K64Ctf/tmp.MOLiG2szrL/etcd-flannel-client.key.age.before and /tmp/nix-shell.K64Ctf/tmp.MOLiG2szrL/etcd-flannel-client.key.age differ
[0;32m[INFO][0m Generating API server certificate...
age: error: no identity matched any of the recipients
age: report unexpected or unhelpful errors at https://filippo.io/age/report
